INFO 2023-08-15 17:49:46,012 autoreload Watching for file changes with StatReloader
INFO 2023-08-15 17:51:20,807 autoreload D:\python files\CJC_Final_Project\Loan_for_startup_business\Loan_for_startup_business\settings.py changed, reloading.
INFO 2023-08-15 17:51:21,612 autoreload Watching for file changes with StatReloader
INFO 2023-08-15 17:51:30,647 basehttp "POST /admin_app/allapplications/ HTTP/1.1" 200 925
INFO 2023-08-15 17:52:15,696 basehttp "POST /admin_app/allapplications/ HTTP/1.1" 200 925
INFO 2023-08-15 17:52:16,566 basehttp "POST /admin_app/allapplications/ HTTP/1.1" 200 925
INFO 2023-08-15 17:56:39,783 basehttp "POST /admin_app/allapplications/ HTTP/1.1" 200 925
INFO 2023-08-15 17:57:17,950 basehttp "POST /admin_app/allapplications/ HTTP/1.1" 200 925
INFO 2023-08-15 18:00:47,716 autoreload Watching for file changes with StatReloader
INFO 2023-08-15 18:00:58,605 basehttp "POST /admin_app/loginpage/ HTTP/1.1" 200 517
INFO 2023-08-15 18:01:03,051 basehttp "POST /admin_app/allapplications/ HTTP/1.1" 200 925
INFO 2023-08-15 18:02:40,496 basehttp "POST /admin_app/allapplications/ HTTP/1.1" 200 925
INFO 2023-08-15 18:03:36,284 basehttp "POST /admin_app/loginpage/ HTTP/1.1" 200 517
INFO 2023-08-15 18:03:39,613 basehttp "POST /admin_app/allapplications/ HTTP/1.1" 200 925
WARNING 2023-08-15 18:03:40,196 log Not Found: /media/photo/default_Fjb5Yfb.jpg
WARNING 2023-08-15 18:03:40,196 basehttp "GET /media/photo/default_Fjb5Yfb.jpg HTTP/1.1" 404 2408
INFO 2023-08-15 18:12:51,364 autoreload D:\python files\CJC_Final_Project\Loan_for_startup_business\Loan_for_startup_business\settings.py changed, reloading.
INFO 2023-08-15 18:12:52,173 autoreload Watching for file changes with StatReloader
INFO 2023-08-15 18:12:55,283 autoreload D:\python files\CJC_Final_Project\Loan_for_startup_business\Loan_for_startup_business\settings.py changed, reloading.
INFO 2023-08-15 18:18:13,321 autoreload Watching for file changes with StatReloader
INFO 2023-08-15 18:18:33,199 basehttp "POST /admin_app/allapplications/ HTTP/1.1" 200 925
INFO 2023-08-15 18:18:33,459 basehttp "GET /media/photo/default_Fjb5Yfb.jpg HTTP/1.1" 200 19118
INFO 2023-08-15 18:19:16,816 autoreload D:\python files\CJC_Final_Project\Loan_for_startup_business\Loan_for_startup_business\urls.py changed, reloading.
INFO 2023-08-15 18:19:17,520 autoreload Watching for file changes with StatReloader
INFO 2023-08-15 18:21:19,383 autoreload D:\python files\CJC_Final_Project\Loan_for_startup_business\Loan_for_startup_business\urls.py changed, reloading.
INFO 2023-08-15 18:21:20,124 autoreload Watching for file changes with StatReloader
INFO 2023-08-15 18:24:33,372 basehttp "POST /admin_app/allapplications/ HTTP/1.1" 200 925
INFO 2023-08-15 18:25:25,194 basehttp "POST /admin_app/allapplications/ HTTP/1.1" 200 925
INFO 2023-08-15 18:44:04,212 basehttp "POST /admin_app/allapplications/ HTTP/1.1" 200 925
INFO 2023-08-15 18:44:05,825 basehttp "POST /admin_app/allapplications/ HTTP/1.1" 200 2
INFO 2023-08-15 18:44:06,788 basehttp "POST /admin_app/allapplications/ HTTP/1.1" 200 925
INFO 2023-08-15 18:44:08,170 basehttp "POST /admin_app/allapplications/ HTTP/1.1" 200 2
INFO 2023-08-15 18:49:08,923 basehttp "POST /admin_app/allapplications/ HTTP/1.1" 200 925
INFO 2023-08-15 18:49:11,521 basehttp "POST /admin_app/allapplications/ HTTP/1.1" 200 925
INFO 2023-08-15 18:49:13,461 basehttp "POST /admin_app/allapplications/ HTTP/1.1" 200 2
INFO 2023-08-15 18:49:14,733 basehttp "POST /admin_app/allapplications/ HTTP/1.1" 200 2
INFO 2023-08-15 18:49:16,091 basehttp "POST /admin_app/allapplications/ HTTP/1.1" 200 925
INFO 2023-08-15 18:53:48,960 basehttp "POST /admin_app/allapplications/ HTTP/1.1" 200 925
INFO 2023-08-15 18:53:55,895 basehttp "POST /admin_app/allapplications/ HTTP/1.1" 200 925
INFO 2023-08-15 18:57:39,493 basehttp "POST /admin_app/allapplications/ HTTP/1.1" 200 925
INFO 2023-08-15 18:57:40,685 basehttp "POST /admin_app/allapplications/ HTTP/1.1" 200 2
INFO 2023-08-15 18:57:41,850 basehttp "POST /admin_app/allapplications/ HTTP/1.1" 200 925
INFO 2023-08-15 18:57:43,186 basehttp "POST /admin_app/allapplications/ HTTP/1.1" 200 2
INFO 2023-08-15 18:57:44,233 basehttp "POST /admin_app/allapplications/ HTTP/1.1" 200 925
INFO 2023-08-15 18:57:45,278 basehttp "POST /admin_app/allapplications/ HTTP/1.1" 200 2
INFO 2023-08-15 18:57:46,694 basehttp "POST /admin_app/allapplications/ HTTP/1.1" 200 925
INFO 2023-08-15 18:57:48,061 basehttp "POST /admin_app/allapplications/ HTTP/1.1" 200 925
INFO 2023-08-15 18:57:49,210 basehttp "POST /admin_app/allapplications/ HTTP/1.1" 200 925
INFO 2023-08-15 18:57:50,147 basehttp "POST /admin_app/allapplications/ HTTP/1.1" 200 925
INFO 2023-08-15 19:42:15,609 basehttp "POST /admin_app/allapplications/ HTTP/1.1" 200 925
INFO 2023-08-15 19:56:07,120 basehttp "POST /admin_app/allapplications/ HTTP/1.1" 200 925
INFO 2023-08-15 19:56:34,031 basehttp "POST /admin_app/allapplications/ HTTP/1.1" 200 925
INFO 2023-08-15 19:57:03,181 basehttp "POST /admin_app/allapplications/ HTTP/1.1" 200 925
INFO 2023-08-15 19:58:02,894 basehttp "POST /admin_app/allapplications/ HTTP/1.1" 200 925
INFO 2023-08-15 19:58:04,098 basehttp "POST /admin_app/allapplications/ HTTP/1.1" 200 2
INFO 2023-08-15 19:58:05,167 basehttp "POST /admin_app/allapplications/ HTTP/1.1" 200 925
INFO 2023-08-15 19:58:06,930 basehttp "POST /admin_app/allapplications/ HTTP/1.1" 200 925
INFO 2023-08-15 19:58:08,431 basehttp "POST /admin_app/allapplications/ HTTP/1.1" 200 2
INFO 2023-08-15 19:58:10,364 basehttp "POST /admin_app/allapplications/ HTTP/1.1" 200 2
INFO 2023-08-15 19:58:11,482 basehttp "POST /admin_app/allapplications/ HTTP/1.1" 200 925
INFO 2023-08-15 19:58:13,278 basehttp "POST /admin_app/allapplications/ HTTP/1.1" 200 925
INFO 2023-08-15 19:59:01,335 basehttp "OPTIONS /admin_app/loginpage/ HTTP/1.1" 200 0
INFO 2023-08-15 19:59:01,655 basehttp "POST /admin_app/loginpage/ HTTP/1.1" 200 514
INFO 2023-08-15 20:00:04,874 basehttp "POST /admin_app/signup/ HTTP/1.1" 201 80
INFO 2023-08-15 20:00:31,370 basehttp "POST /admin_app/signup/ HTTP/1.1" 201 80
INFO 2023-08-15 20:00:51,494 basehttp "POST /admin_app/signup/ HTTP/1.1" 201 80
INFO 2023-08-15 20:01:10,472 basehttp "POST /admin_app/signup/ HTTP/1.1" 201 80
INFO 2023-08-15 20:01:21,019 basehttp "GET /admin_app/f_user_ids/ HTTP/1.1" 200 4
INFO 2023-08-15 20:01:21,026 basehttp "GET /admin_app/f_user_ids/ HTTP/1.1" 200 4
INFO 2023-08-15 20:01:25,393 basehttp "GET /admin_app/b_user_ids/ HTTP/1.1" 200 4
INFO 2023-08-15 20:01:25,400 basehttp "GET /admin_app/b_user_ids/ HTTP/1.1" 200 4
INFO 2023-08-15 20:01:29,156 basehttp "GET /admin_app/f_user_ids/ HTTP/1.1" 200 4
INFO 2023-08-15 20:01:29,171 basehttp "GET /admin_app/f_user_ids/ HTTP/1.1" 200 4
WARNING 2023-08-15 20:01:52,147 log Not Found: /
WARNING 2023-08-15 20:01:52,148 basehttp "GET / HTTP/1.1" 404 2423
WARNING 2023-08-15 20:01:52,230 log Not Found: /favicon.ico
WARNING 2023-08-15 20:01:52,232 basehttp "GET /favicon.ico HTTP/1.1" 404 2474
INFO 2023-08-15 20:01:59,078 basehttp "GET /admin/ HTTP/1.1" 200 14675
INFO 2023-08-15 20:01:59,163 basehttp "GET /static/admin/css/dashboard.css HTTP/1.1" 304 0
INFO 2023-08-15 20:01:59,164 basehttp "GET /static/admin/css/nav_sidebar.css HTTP/1.1" 304 0
INFO 2023-08-15 20:01:59,164 basehttp "GET /static/admin/css/base.css HTTP/1.1" 304 0
INFO 2023-08-15 20:01:59,164 basehttp "GET /static/admin/css/dark_mode.css HTTP/1.1" 304 0
INFO 2023-08-15 20:01:59,165 basehttp "GET /static/admin/css/responsive.css HTTP/1.1" 304 0
INFO 2023-08-15 20:01:59,176 basehttp "GET /static/admin/js/nav_sidebar.js HTTP/1.1" 304 0
INFO 2023-08-15 20:01:59,177 basehttp "GET /static/admin/js/theme.js HTTP/1.1" 304 0
INFO 2023-08-15 20:01:59,278 basehttp "GET /static/admin/img/icon-deletelink.svg HTTP/1.1" 304 0
INFO 2023-08-15 20:01:59,278 basehttp "GET /static/admin/img/icon-changelink.svg HTTP/1.1" 304 0
INFO 2023-08-15 20:01:59,278 basehttp "GET /static/admin/img/icon-addlink.svg HTTP/1.1" 304 0
INFO 2023-08-15 20:02:02,488 basehttp "GET /admin/admin_app/user/ HTTP/1.1" 200 21522
INFO 2023-08-15 20:02:02,548 basehttp "GET /static/admin/css/changelists.css HTTP/1.1" 304 0
INFO 2023-08-15 20:02:02,549 basehttp "GET /static/admin/js/core.js HTTP/1.1" 304 0
INFO 2023-08-15 20:02:02,551 basehttp "GET /static/admin/js/vendor/jquery/jquery.js HTTP/1.1" 304 0
INFO 2023-08-15 20:02:02,551 basehttp "GET /static/admin/js/jquery.init.js HTTP/1.1" 304 0
INFO 2023-08-15 20:02:02,553 basehttp "GET /static/admin/js/admin/RelatedObjectLookups.js HTTP/1.1" 304 0
INFO 2023-08-15 20:02:02,554 basehttp "GET /static/admin/js/urlify.js HTTP/1.1" 304 0
INFO 2023-08-15 20:02:02,556 basehttp "GET /static/admin/js/prepopulate.js HTTP/1.1" 304 0
INFO 2023-08-15 20:02:02,558 basehttp "GET /static/admin/js/vendor/xregexp/xregexp.js HTTP/1.1" 304 0
INFO 2023-08-15 20:02:02,813 basehttp "GET /static/admin/js/actions.js HTTP/1.1" 304 0
INFO 2023-08-15 20:02:02,818 basehttp "GET /admin/jsi18n/ HTTP/1.1" 200 3343
INFO 2023-08-15 20:02:02,847 basehttp "GET /static/admin/js/filters.js HTTP/1.1" 304 0
INFO 2023-08-15 20:02:02,850 basehttp "GET /static/admin/img/icon-no.svg HTTP/1.1" 304 0
INFO 2023-08-15 20:02:02,889 basehttp "GET /static/admin/img/icon-yes.svg HTTP/1.1" 304 0
INFO 2023-08-15 20:02:02,905 basehttp "GET /static/admin/img/tooltag-add.svg HTTP/1.1" 304 0
INFO 2023-08-15 20:02:15,204 basehttp "GET /admin/application_generation/application/ HTTP/1.1" 200 13483
INFO 2023-08-15 20:02:15,225 basehttp "GET /admin/jsi18n/ HTTP/1.1" 200 3343
INFO 2023-08-15 20:02:19,173 basehttp "GET /admin/application_generation/application/add/ HTTP/1.1" 200 23955
INFO 2023-08-15 20:02:19,261 basehttp "GET /static/admin/js/admin/DateTimeShortcuts.js HTTP/1.1" 304 0
INFO 2023-08-15 20:02:19,266 basehttp "GET /admin/jsi18n/ HTTP/1.1" 200 3343
INFO 2023-08-15 20:02:19,296 basehttp "GET /static/admin/css/forms.css HTTP/1.1" 304 0
INFO 2023-08-15 20:02:19,345 basehttp "GET /static/admin/css/widgets.css HTTP/1.1" 304 0
INFO 2023-08-15 20:02:19,360 basehttp "GET /static/admin/js/calendar.js HTTP/1.1" 304 0
INFO 2023-08-15 20:02:19,366 basehttp "GET /static/admin/img/icon-viewlink.svg HTTP/1.1" 304 0
INFO 2023-08-15 20:02:19,373 basehttp "GET /static/admin/js/change_form.js HTTP/1.1" 304 0
INFO 2023-08-15 20:02:19,383 basehttp "GET /static/admin/js/prepopulate_init.js HTTP/1.1" 304 0
INFO 2023-08-15 20:02:19,444 basehttp "GET /static/admin/img/icon-clock.svg HTTP/1.1" 304 0
INFO 2023-08-15 20:02:19,444 basehttp "GET /static/admin/img/icon-calendar.svg HTTP/1.1" 304 0
INFO 2023-08-15 20:02:40,478 basehttp "POST /admin/application_generation/application/add/ HTTP/1.1" 302 0
INFO 2023-08-15 20:02:40,501 basehttp "GET /admin/application_generation/application/ HTTP/1.1" 200 14034
INFO 2023-08-15 20:02:40,526 basehttp "GET /admin/jsi18n/ HTTP/1.1" 200 3343
INFO 2023-08-15 20:02:46,285 basehttp "GET /admin/application_generation/application/add/ HTTP/1.1" 200 23955
INFO 2023-08-15 20:02:46,310 basehttp "GET /admin/jsi18n/ HTTP/1.1" 200 3343
INFO 2023-08-15 20:02:58,733 basehttp "POST /admin/application_generation/application/add/ HTTP/1.1" 302 0
INFO 2023-08-15 20:02:58,755 basehttp "GET /admin/application_generation/application/ HTTP/1.1" 200 14365
INFO 2023-08-15 20:02:58,776 basehttp "GET /admin/jsi18n/ HTTP/1.1" 200 3343
INFO 2023-08-15 20:03:03,405 basehttp "GET /admin/application_generation/application/add/ HTTP/1.1" 200 23955
INFO 2023-08-15 20:03:03,425 basehttp "GET /admin/jsi18n/ HTTP/1.1" 200 3343
INFO 2023-08-15 20:03:13,698 basehttp "POST /admin/application_generation/application/add/ HTTP/1.1" 302 0
INFO 2023-08-15 20:03:13,722 basehttp "GET /admin/application_generation/application/ HTTP/1.1" 200 14696
INFO 2023-08-15 20:03:13,745 basehttp "GET /admin/jsi18n/ HTTP/1.1" 200 3343
INFO 2023-08-15 20:03:16,070 basehttp "GET /admin/application_generation/application/add/ HTTP/1.1" 200 23955
INFO 2023-08-15 20:03:16,089 basehttp "GET /admin/jsi18n/ HTTP/1.1" 200 3343
INFO 2023-08-15 20:03:25,653 basehttp "POST /admin/application_generation/application/add/ HTTP/1.1" 302 0
INFO 2023-08-15 20:03:25,676 basehttp "GET /admin/application_generation/application/ HTTP/1.1" 200 15027
INFO 2023-08-15 20:03:25,702 basehttp "GET /admin/jsi18n/ HTTP/1.1" 200 3343
INFO 2023-08-15 20:03:35,536 basehttp "GET /admin/application_generation/application/1/change/ HTTP/1.1" 200 24240
INFO 2023-08-15 20:03:35,556 basehttp "GET /admin/jsi18n/ HTTP/1.1" 200 3343
INFO 2023-08-15 20:03:51,664 basehttp "POST /admin/application_generation/application/1/change/ HTTP/1.1" 302 0
INFO 2023-08-15 20:03:51,687 basehttp "GET /admin/application_generation/application/ HTTP/1.1" 200 15029
INFO 2023-08-15 20:03:51,709 basehttp "GET /admin/jsi18n/ HTTP/1.1" 200 3343
INFO 2023-08-15 20:03:54,150 basehttp "GET /admin/admin_app/user/ HTTP/1.1" 200 21522
INFO 2023-08-15 20:03:54,173 basehttp "GET /admin/jsi18n/ HTTP/1.1" 200 3343
INFO 2023-08-15 20:04:02,218 basehttp "GET /admin/admin_app/user/10/change/ HTTP/1.1" 200 34378
INFO 2023-08-15 20:04:02,240 basehttp "GET /admin/jsi18n/ HTTP/1.1" 200 3343
INFO 2023-08-15 20:04:07,111 basehttp "POST /admin/admin_app/user/10/change/ HTTP/1.1" 302 0
INFO 2023-08-15 20:04:07,138 basehttp "GET /admin/admin_app/user/ HTTP/1.1" 200 21727
INFO 2023-08-15 20:04:07,163 basehttp "GET /admin/jsi18n/ HTTP/1.1" 200 3343
INFO 2023-08-15 20:04:10,019 basehttp "GET /admin/application_generation/application/ HTTP/1.1" 200 14808
INFO 2023-08-15 20:04:10,043 basehttp "GET /admin/jsi18n/ HTTP/1.1" 200 3343
INFO 2023-08-15 20:04:16,654 basehttp "GET /admin/application_generation/application/4/change/ HTTP/1.1" 200 24240
INFO 2023-08-15 20:04:16,678 basehttp "GET /admin/jsi18n/ HTTP/1.1" 200 3343
INFO 2023-08-15 20:04:22,534 basehttp "POST /admin/application_generation/application/4/change/ HTTP/1.1" 302 0
INFO 2023-08-15 20:04:22,557 basehttp "GET /admin/application_generation/application/ HTTP/1.1" 200 15030
INFO 2023-08-15 20:04:22,577 basehttp "GET /admin/jsi18n/ HTTP/1.1" 200 3343
INFO 2023-08-15 20:04:29,513 basehttp "GET /admin/application_generation/application/add/ HTTP/1.1" 200 23955
INFO 2023-08-15 20:04:29,534 basehttp "GET /admin/jsi18n/ HTTP/1.1" 200 3343
INFO 2023-08-15 20:04:38,382 basehttp "GET /admin/application_generation/application/ HTTP/1.1" 200 14809
INFO 2023-08-15 20:04:38,404 basehttp "GET /admin/jsi18n/ HTTP/1.1" 200 3343
INFO 2023-08-15 20:06:00,135 basehttp "POST /admin_app/signup/ HTTP/1.1" 201 80
INFO 2023-08-15 20:06:21,836 basehttp "POST /admin_app/signup/ HTTP/1.1" 201 80
INFO 2023-08-15 20:06:43,879 basehttp "POST /admin_app/signup/ HTTP/1.1" 201 80
INFO 2023-08-15 20:07:06,914 basehttp "POST /admin_app/signup/ HTTP/1.1" 201 80
INFO 2023-08-15 20:07:10,912 basehttp "GET /admin/application_generation/application/ HTTP/1.1" 200 14809
INFO 2023-08-15 20:07:10,932 basehttp "GET /admin/jsi18n/ HTTP/1.1" 200 3343
INFO 2023-08-15 20:07:13,920 basehttp "GET /admin/admin_app/user/ HTTP/1.1" 200 23929
INFO 2023-08-15 20:07:13,944 basehttp "GET /admin/jsi18n/ HTTP/1.1" 200 3343
INFO 2023-08-15 20:07:17,728 basehttp "GET /admin/application_generation/application/ HTTP/1.1" 200 14809
INFO 2023-08-15 20:07:17,748 basehttp "GET /admin/jsi18n/ HTTP/1.1" 200 3343
INFO 2023-08-15 20:07:19,501 basehttp "GET /admin/application_generation/application/add/ HTTP/1.1" 200 24127
INFO 2023-08-15 20:07:19,526 basehttp "GET /admin/jsi18n/ HTTP/1.1" 200 3343
INFO 2023-08-15 20:07:32,392 basehttp "POST /admin/application_generation/application/add/ HTTP/1.1" 302 0
INFO 2023-08-15 20:07:32,415 basehttp "GET /admin/application_generation/application/ HTTP/1.1" 200 15359
INFO 2023-08-15 20:07:32,442 basehttp "GET /admin/jsi18n/ HTTP/1.1" 200 3343
INFO 2023-08-15 20:07:34,555 basehttp "GET /admin/application_generation/application/add/ HTTP/1.1" 200 24127
INFO 2023-08-15 20:07:34,576 basehttp "GET /admin/jsi18n/ HTTP/1.1" 200 3343
INFO 2023-08-15 20:07:45,447 basehttp "POST /admin/application_generation/application/add/ HTTP/1.1" 302 0
INFO 2023-08-15 20:07:45,472 basehttp "GET /admin/application_generation/application/ HTTP/1.1" 200 15690
INFO 2023-08-15 20:07:45,496 basehttp "GET /admin/jsi18n/ HTTP/1.1" 200 3343
INFO 2023-08-15 20:07:47,288 basehttp "GET /admin/application_generation/application/add/ HTTP/1.1" 200 24127
INFO 2023-08-15 20:07:47,308 basehttp "GET /admin/jsi18n/ HTTP/1.1" 200 3343
INFO 2023-08-15 20:07:58,738 basehttp "POST /admin/application_generation/application/add/ HTTP/1.1" 302 0
INFO 2023-08-15 20:07:58,762 basehttp "GET /admin/application_generation/application/ HTTP/1.1" 200 16021
INFO 2023-08-15 20:07:58,784 basehttp "GET /admin/jsi18n/ HTTP/1.1" 200 3343
INFO 2023-08-15 20:08:00,944 basehttp "GET /admin/application_generation/application/add/ HTTP/1.1" 200 24127
INFO 2023-08-15 20:08:00,963 basehttp "GET /admin/jsi18n/ HTTP/1.1" 200 3343
INFO 2023-08-15 20:08:09,697 basehttp "POST /admin/application_generation/application/add/ HTTP/1.1" 302 0
INFO 2023-08-15 20:08:09,722 basehttp "GET /admin/application_generation/application/ HTTP/1.1" 200 16352
INFO 2023-08-15 20:08:09,745 basehttp "GET /admin/jsi18n/ HTTP/1.1" 200 3343
INFO 2023-08-15 20:08:22,983 basehttp "GET /admin/application_generation/application/9/change/ HTTP/1.1" 200 24412
INFO 2023-08-15 20:08:23,010 basehttp "GET /admin/jsi18n/ HTTP/1.1" 200 3343
INFO 2023-08-15 20:09:41,993 basehttp "GET /admin/admin_app/user/ HTTP/1.1" 200 23929
INFO 2023-08-15 20:09:42,016 basehttp "GET /admin/jsi18n/ HTTP/1.1" 200 3343
INFO 2023-08-15 20:09:44,676 basehttp "GET /admin/admin_app/user/25/change/ HTTP/1.1" 200 34376
INFO 2023-08-15 20:09:44,698 basehttp "GET /admin/jsi18n/ HTTP/1.1" 200 3343
INFO 2023-08-15 20:09:49,473 basehttp "POST /admin/admin_app/user/25/change/ HTTP/1.1" 302 0
INFO 2023-08-15 20:09:49,502 basehttp "GET /admin/admin_app/user/ HTTP/1.1" 200 24134
INFO 2023-08-15 20:09:49,527 basehttp "GET /admin/jsi18n/ HTTP/1.1" 200 3343
INFO 2023-08-15 20:09:52,207 basehttp "GET /admin/admin_app/user/24/change/ HTTP/1.1" 200 34376
INFO 2023-08-15 20:09:52,230 basehttp "GET /admin/jsi18n/ HTTP/1.1" 200 3343
INFO 2023-08-15 20:09:57,585 basehttp "POST /admin/admin_app/user/24/change/ HTTP/1.1" 302 0
INFO 2023-08-15 20:09:57,614 basehttp "GET /admin/admin_app/user/ HTTP/1.1" 200 24134
INFO 2023-08-15 20:09:57,644 basehttp "GET /admin/jsi18n/ HTTP/1.1" 200 3343
INFO 2023-08-15 20:10:02,905 basehttp "GET /admin/application_generation/application/ HTTP/1.1" 200 16133
INFO 2023-08-15 20:10:02,924 basehttp "GET /admin/jsi18n/ HTTP/1.1" 200 3343
INFO 2023-08-15 20:10:06,102 basehttp "GET /admin/application_generation/application/9/change/ HTTP/1.1" 200 24412
INFO 2023-08-15 20:10:06,125 basehttp "GET /admin/jsi18n/ HTTP/1.1" 200 3343
INFO 2023-08-15 20:10:12,251 basehttp "POST /admin/application_generation/application/9/change/ HTTP/1.1" 302 0
INFO 2023-08-15 20:10:12,283 basehttp "GET /admin/application_generation/application/ HTTP/1.1" 200 16356
INFO 2023-08-15 20:10:12,309 basehttp "GET /admin/jsi18n/ HTTP/1.1" 200 3343
INFO 2023-08-15 20:10:15,175 basehttp "GET /admin/application_generation/application/8/change/ HTTP/1.1" 200 24412
INFO 2023-08-15 20:10:15,199 basehttp "GET /admin/jsi18n/ HTTP/1.1" 200 3343
INFO 2023-08-15 20:10:20,519 basehttp "POST /admin/application_generation/application/8/change/ HTTP/1.1" 302 0
INFO 2023-08-15 20:10:20,542 basehttp "GET /admin/application_generation/application/ HTTP/1.1" 200 16358
INFO 2023-08-15 20:10:20,562 basehttp "GET /admin/jsi18n/ HTTP/1.1" 200 3343
INFO 2023-08-15 20:10:33,217 basehttp "GET /admin/application_generation/application/5/change/ HTTP/1.1" 200 24412
INFO 2023-08-15 20:10:33,243 basehttp "GET /admin/jsi18n/ HTTP/1.1" 200 3343
INFO 2023-08-15 20:10:39,231 basehttp "POST /admin/application_generation/application/5/change/ HTTP/1.1" 302 0
INFO 2023-08-15 20:10:39,257 basehttp "GET /admin/application_generation/application/ HTTP/1.1" 200 16359
INFO 2023-08-15 20:10:39,276 basehttp "GET /admin/jsi18n/ HTTP/1.1" 200 3343
INFO 2023-08-15 20:10:46,567 basehttp "GET /admin/application_generation/application/7/change/ HTTP/1.1" 200 24412
INFO 2023-08-15 20:10:46,589 basehttp "GET /admin/jsi18n/ HTTP/1.1" 200 3343
INFO 2023-08-15 20:10:53,030 basehttp "POST /admin/application_generation/application/7/change/ HTTP/1.1" 302 0
INFO 2023-08-15 20:10:53,054 basehttp "GET /admin/application_generation/application/ HTTP/1.1" 200 16359
INFO 2023-08-15 20:10:53,077 basehttp "GET /admin/jsi18n/ HTTP/1.1" 200 3343
INFO 2023-08-15 20:11:13,897 basehttp "GET /admin_app/f_user_ids/ HTTP/1.1" 200 28
INFO 2023-08-15 20:11:13,904 basehttp "GET /admin_app/f_user_ids/ HTTP/1.1" 200 28
INFO 2023-08-15 20:11:29,874 basehttp "POST /admin_app/loginpage/ HTTP/1.1" 200 517
INFO 2023-08-15 20:11:36,507 basehttp "POST /admin_app/allapplications/ HTTP/1.1" 200 8303
INFO 2023-08-15 20:11:36,607 basehttp "GET /media/photo/default_zy5Pdoo.jpg HTTP/1.1" 200 19118
INFO 2023-08-15 20:11:36,615 basehttp "GET /media/photo/default_sUIBPoF.jpg HTTP/1.1" 200 19118
INFO 2023-08-15 20:11:36,621 basehttp "GET /media/photo/default_HLuFhCI.jpg HTTP/1.1" 200 19118
INFO 2023-08-15 20:11:36,630 basehttp "GET /media/photo/default_Q1uSwrl.jpg HTTP/1.1" 200 19118
INFO 2023-08-15 20:11:36,639 basehttp "GET /media/photo/default_hOWOWZu.jpg HTTP/1.1" 200 19118
INFO 2023-08-15 20:11:36,648 basehttp "GET /media/photo/default_JJ8B5jC.jpg HTTP/1.1" 200 19118
INFO 2023-08-15 20:11:36,657 basehttp "GET /media/photo/default_tcCi8K0.jpg HTTP/1.1" 200 19118
INFO 2023-08-15 20:11:36,665 basehttp "GET /media/photo/default_LqL4jmX.jpg HTTP/1.1" 200 19118
INFO 2023-08-15 20:13:24,637 basehttp "POST /admin_app/allapplications/ HTTP/1.1" 200 8303
INFO 2023-08-15 20:13:24,663 basehttp "GET /media/photo/default_zy5Pdoo.jpg HTTP/1.1" 304 0
INFO 2023-08-15 20:13:24,663 basehttp "GET /media/photo/default_sUIBPoF.jpg HTTP/1.1" 304 0
INFO 2023-08-15 20:13:24,676 basehttp "GET /media/photo/default_HLuFhCI.jpg HTTP/1.1" 304 0
INFO 2023-08-15 20:13:24,679 basehttp "GET /media/photo/default_Q1uSwrl.jpg HTTP/1.1" 304 0
INFO 2023-08-15 20:13:24,689 basehttp "GET /media/photo/default_hOWOWZu.jpg HTTP/1.1" 304 0
INFO 2023-08-15 20:13:24,689 basehttp "GET /media/photo/default_JJ8B5jC.jpg HTTP/1.1" 304 0
INFO 2023-08-15 20:13:24,704 basehttp "GET /media/photo/default_tcCi8K0.jpg HTTP/1.1" 304 0
INFO 2023-08-15 20:13:24,706 basehttp "GET /media/photo/default_LqL4jmX.jpg HTTP/1.1" 304 0
INFO 2023-08-15 20:14:11,269 basehttp "POST /admin_app/allapplications/ HTTP/1.1" 200 8303
INFO 2023-08-15 20:14:11,293 basehttp "GET /media/photo/default_JJ8B5jC.jpg HTTP/1.1" 304 0
INFO 2023-08-15 20:14:11,293 basehttp "GET /media/photo/default_hOWOWZu.jpg HTTP/1.1" 304 0
INFO 2023-08-15 20:14:11,296 basehttp "GET /media/photo/default_tcCi8K0.jpg HTTP/1.1" 304 0
INFO 2023-08-15 20:14:11,305 basehttp "GET /media/photo/default_LqL4jmX.jpg HTTP/1.1" 304 0
INFO 2023-08-15 20:14:12,202 basehttp "POST /admin_app/allapplications/ HTTP/1.1" 200 8303
INFO 2023-08-15 20:15:12,804 basehttp "POST /admin_app/allapplications/ HTTP/1.1" 200 8303
INFO 2023-08-15 20:15:12,823 basehttp "GET /media/photo/default_zy5Pdoo.jpg HTTP/1.1" 304 0
INFO 2023-08-15 20:15:12,824 basehttp "GET /media/photo/default_sUIBPoF.jpg HTTP/1.1" 304 0
INFO 2023-08-15 20:15:12,833 basehttp "GET /media/photo/default_HLuFhCI.jpg HTTP/1.1" 304 0
INFO 2023-08-15 20:15:12,839 basehttp "GET /media/photo/default_Q1uSwrl.jpg HTTP/1.1" 304 0
INFO 2023-08-15 20:15:12,843 basehttp "GET /media/photo/default_hOWOWZu.jpg HTTP/1.1" 304 0
INFO 2023-08-15 20:15:12,849 basehttp "GET /media/photo/default_JJ8B5jC.jpg HTTP/1.1" 304 0
INFO 2023-08-15 20:15:12,891 basehttp "GET /media/photo/default_tcCi8K0.jpg HTTP/1.1" 304 0
INFO 2023-08-15 20:15:12,943 basehttp "GET /media/photo/default_LqL4jmX.jpg HTTP/1.1" 304 0
INFO 2023-08-15 20:15:51,530 basehttp "POST /admin_app/allapplications/ HTTP/1.1" 200 2772
INFO 2023-08-15 20:15:53,051 basehttp "POST /admin_app/allapplications/ HTTP/1.1" 200 1850
INFO 2023-08-15 20:15:54,802 basehttp "POST /admin_app/allapplications/ HTTP/1.1" 200 8303
INFO 2023-08-15 20:16:43,929 basehttp "POST /admin_app/allapplications/ HTTP/1.1" 200 8303
INFO 2023-08-15 20:16:43,957 basehttp "GET /media/photo/default_zy5Pdoo.jpg HTTP/1.1" 304 0
INFO 2023-08-15 20:16:43,957 basehttp "GET /media/photo/default_sUIBPoF.jpg HTTP/1.1" 304 0
INFO 2023-08-15 20:16:43,972 basehttp "GET /media/photo/default_Q1uSwrl.jpg HTTP/1.1" 304 0
INFO 2023-08-15 20:16:43,973 basehttp "GET /media/photo/default_HLuFhCI.jpg HTTP/1.1" 304 0
INFO 2023-08-15 20:16:43,985 basehttp "GET /media/photo/default_hOWOWZu.jpg HTTP/1.1" 304 0
INFO 2023-08-15 20:16:43,989 basehttp "GET /media/photo/default_JJ8B5jC.jpg HTTP/1.1" 304 0
INFO 2023-08-15 20:16:44,024 basehttp "GET /media/photo/default_tcCi8K0.jpg HTTP/1.1" 304 0
INFO 2023-08-15 20:16:44,024 basehttp "GET /media/photo/default_LqL4jmX.jpg HTTP/1.1" 304 0
INFO 2023-08-15 20:16:45,477 basehttp "POST /admin_app/allapplications/ HTTP/1.1" 200 1850
INFO 2023-08-15 20:16:48,514 basehttp "POST /admin_app/allapplications/ HTTP/1.1" 200 2772
INFO 2023-08-15 20:16:49,690 basehttp "POST /admin_app/allapplications/ HTTP/1.1" 200 1851
INFO 2023-08-15 20:16:53,473 basehttp "POST /admin_app/allapplications/ HTTP/1.1" 200 2772
INFO 2023-08-15 20:16:55,772 basehttp "POST /admin_app/allapplications/ HTTP/1.1" 200 1850
INFO 2023-08-15 20:17:52,192 basehttp "POST /admin_app/allapplications/ HTTP/1.1" 200 8303
INFO 2023-08-15 20:17:52,212 basehttp "GET /media/photo/default_JJ8B5jC.jpg HTTP/1.1" 304 0
INFO 2023-08-15 20:17:52,217 basehttp "GET /media/photo/default_hOWOWZu.jpg HTTP/1.1" 304 0
INFO 2023-08-15 20:17:52,228 basehttp "GET /media/photo/default_tcCi8K0.jpg HTTP/1.1" 304 0
INFO 2023-08-15 20:17:52,233 basehttp "GET /media/photo/default_LqL4jmX.jpg HTTP/1.1" 304 0
INFO 2023-08-15 20:18:23,405 basehttp "POST /admin_app/allapplications/ HTTP/1.1" 200 8303
INFO 2023-08-15 20:18:23,423 basehttp "GET /media/photo/default_sUIBPoF.jpg HTTP/1.1" 304 0
INFO 2023-08-15 20:18:23,423 basehttp "GET /media/photo/default_zy5Pdoo.jpg HTTP/1.1" 304 0
INFO 2023-08-15 20:18:23,432 basehttp "GET /media/photo/default_HLuFhCI.jpg HTTP/1.1" 304 0
INFO 2023-08-15 20:18:23,435 basehttp "GET /media/photo/default_Q1uSwrl.jpg HTTP/1.1" 304 0
INFO 2023-08-15 20:19:09,956 basehttp "POST /admin_app/allapplications/ HTTP/1.1" 200 8303
INFO 2023-08-15 20:19:10,295 basehttp "GET /media/photo/default_hOWOWZu.jpg HTTP/1.1" 304 0
INFO 2023-08-15 20:19:10,296 basehttp "GET /media/photo/default_LqL4jmX.jpg HTTP/1.1" 304 0
INFO 2023-08-15 20:19:10,296 basehttp "GET /media/photo/default_tcCi8K0.jpg HTTP/1.1" 304 0
INFO 2023-08-15 20:19:10,296 basehttp "GET /media/photo/default_JJ8B5jC.jpg HTTP/1.1" 304 0
INFO 2023-08-15 20:20:11,803 basehttp "POST /admin_app/allapplications/ HTTP/1.1" 200 8303
INFO 2023-08-15 20:20:11,832 basehttp "GET /media/photo/default_sUIBPoF.jpg HTTP/1.1" 304 0
INFO 2023-08-15 20:20:11,832 basehttp "GET /media/photo/default_HLuFhCI.jpg HTTP/1.1" 304 0
INFO 2023-08-15 20:20:11,843 basehttp "GET /media/photo/default_Q1uSwrl.jpg HTTP/1.1" 304 0
INFO 2023-08-15 20:20:37,884 basehttp "POST /admin_app/allapplications/ HTTP/1.1" 200 8303
INFO 2023-08-15 20:20:37,898 basehttp "GET /media/photo/default_zy5Pdoo.jpg HTTP/1.1" 304 0
INFO 2023-08-15 20:20:37,907 basehttp "GET /media/photo/default_hOWOWZu.jpg HTTP/1.1" 304 0
INFO 2023-08-15 20:20:37,910 basehttp "GET /media/photo/default_JJ8B5jC.jpg HTTP/1.1" 304 0
INFO 2023-08-15 20:20:37,914 basehttp "GET /media/photo/default_tcCi8K0.jpg HTTP/1.1" 304 0
INFO 2023-08-15 20:20:37,916 basehttp "GET /media/photo/default_LqL4jmX.jpg HTTP/1.1" 304 0
INFO 2023-08-15 20:21:53,431 basehttp "POST /admin_app/allapplications/ HTTP/1.1" 200 8303
INFO 2023-08-15 20:27:00,948 basehttp "POST /admin_app/allapplications/ HTTP/1.1" 200 8303
INFO 2023-08-15 20:27:02,843 basehttp "POST /admin_app/allapplications/ HTTP/1.1" 200 8303
INFO 2023-08-15 20:27:03,872 basehttp "POST /admin_app/allapplications/ HTTP/1.1" 200 8303
INFO 2023-08-15 20:27:04,915 basehttp "POST /admin_app/allapplications/ HTTP/1.1" 200 1850
INFO 2023-08-15 20:27:06,108 basehttp "POST /admin_app/allapplications/ HTTP/1.1" 200 2772
INFO 2023-08-15 20:27:07,100 basehttp "POST /admin_app/allapplications/ HTTP/1.1" 200 1851
INFO 2023-08-15 20:28:29,793 basehttp "POST /admin_app/allapplications/ HTTP/1.1" 200 8303
INFO 2023-08-15 20:28:31,396 basehttp "POST /admin_app/allapplications/ HTTP/1.1" 200 1833
INFO 2023-08-15 20:28:33,243 basehttp "POST /admin_app/allapplications/ HTTP/1.1" 200 1850
INFO 2023-08-15 20:28:35,136 basehttp "POST /admin_app/allapplications/ HTTP/1.1" 200 2772
INFO 2023-08-15 20:28:36,777 basehttp "POST /admin_app/allapplications/ HTTP/1.1" 200 1851
INFO 2023-08-15 20:28:53,044 basehttp "POST /admin_app/allapplications/ HTTP/1.1" 200 2772
INFO 2023-08-15 20:28:54,063 basehttp "POST /admin_app/allapplications/ HTTP/1.1" 200 1850
INFO 2023-08-15 20:28:55,097 basehttp "POST /admin_app/allapplications/ HTTP/1.1" 200 1833
INFO 2023-08-15 20:28:56,254 basehttp "POST /admin_app/allapplications/ HTTP/1.1" 200 8303
INFO 2023-08-15 20:28:58,729 basehttp "POST /admin_app/allapplications/ HTTP/1.1" 200 8303
INFO 2023-08-15 20:29:22,369 basehttp "POST /admin_app/allapplications/ HTTP/1.1" 200 8303
INFO 2023-08-15 20:29:24,878 basehttp "POST /admin_app/allapplications/ HTTP/1.1" 200 8303
INFO 2023-08-15 20:29:26,359 basehttp "POST /admin_app/allapplications/ HTTP/1.1" 200 1833
INFO 2023-08-15 20:29:27,625 basehttp "POST /admin_app/allapplications/ HTTP/1.1" 200 1850
INFO 2023-08-15 20:29:28,804 basehttp "POST /admin_app/allapplications/ HTTP/1.1" 200 2772
INFO 2023-08-15 20:29:29,963 basehttp "POST /admin_app/allapplications/ HTTP/1.1" 200 1851
INFO 2023-08-15 20:32:02,849 basehttp "POST /admin_app/allapplications/ HTTP/1.1" 200 1850
INFO 2023-08-15 20:36:13,956 basehttp "POST /admin_app/allapplications/ HTTP/1.1" 200 8303
INFO 2023-08-15 20:36:13,977 basehttp "GET /media/photo/default_zy5Pdoo.jpg HTTP/1.1" 304 0
INFO 2023-08-15 20:36:13,989 basehttp "GET /media/photo/default_sUIBPoF.jpg HTTP/1.1" 304 0
INFO 2023-08-15 20:36:13,998 basehttp "GET /media/photo/default_HLuFhCI.jpg HTTP/1.1" 304 0
INFO 2023-08-15 20:36:14,004 basehttp "GET /media/photo/default_Q1uSwrl.jpg HTTP/1.1" 304 0
INFO 2023-08-15 20:36:14,012 basehttp "GET /media/photo/default_hOWOWZu.jpg HTTP/1.1" 304 0
INFO 2023-08-15 20:36:14,025 basehttp "GET /media/photo/default_tcCi8K0.jpg HTTP/1.1" 304 0
INFO 2023-08-15 20:36:14,034 basehttp "GET /media/photo/default_LqL4jmX.jpg HTTP/1.1" 304 0
INFO 2023-08-15 20:36:21,404 basehttp "POST /admin_app/allapplications/ HTTP/1.1" 200 1833
INFO 2023-08-15 20:36:24,925 basehttp "POST /admin_app/allapplications/ HTTP/1.1" 200 1850
INFO 2023-08-15 20:36:27,080 basehttp "POST /admin_app/allapplications/ HTTP/1.1" 200 2772
INFO 2023-08-15 20:36:28,797 basehttp "POST /admin_app/allapplications/ HTTP/1.1" 200 1851
INFO 2023-08-15 20:36:30,734 basehttp "POST /admin_app/allapplications/ HTTP/1.1" 200 2772
INFO 2023-08-15 20:36:31,965 basehttp "POST /admin_app/allapplications/ HTTP/1.1" 200 1850
INFO 2023-08-15 20:36:33,111 basehttp "POST /admin_app/allapplications/ HTTP/1.1" 200 1833
INFO 2023-08-15 20:36:34,855 basehttp "POST /admin_app/allapplications/ HTTP/1.1" 200 8303
INFO 2023-08-15 20:36:46,758 basehttp "POST /admin_app/allapplications/ HTTP/1.1" 200 8303
INFO 2023-08-15 20:36:47,781 basehttp "POST /admin_app/allapplications/ HTTP/1.1" 200 8303
INFO 2023-08-15 20:36:49,062 basehttp "POST /admin_app/allapplications/ HTTP/1.1" 200 1833
INFO 2023-08-15 20:36:50,084 basehttp "POST /admin_app/allapplications/ HTTP/1.1" 200 1850
INFO 2023-08-15 20:36:51,718 basehttp "POST /admin_app/allapplications/ HTTP/1.1" 200 2772
INFO 2023-08-15 20:36:53,121 basehttp "POST /admin_app/allapplications/ HTTP/1.1" 200 1851
INFO 2023-08-15 20:37:03,560 basehttp "POST /admin_app/allapplications/ HTTP/1.1" 200 2772
INFO 2023-08-15 20:37:05,399 basehttp "POST /admin_app/allapplications/ HTTP/1.1" 200 1850
INFO 2023-08-15 20:37:06,559 basehttp "POST /admin_app/allapplications/ HTTP/1.1" 200 1833
INFO 2023-08-15 20:37:30,736 basehttp "POST /admin_app/allapplications/ HTTP/1.1" 200 2772
INFO 2023-08-15 20:37:31,721 basehttp "POST /admin_app/allapplications/ HTTP/1.1" 200 1850
INFO 2023-08-15 20:37:33,896 basehttp "POST /admin_app/allapplications/ HTTP/1.1" 200 8303
INFO 2023-08-15 20:37:35,799 basehttp "POST /admin_app/allapplications/ HTTP/1.1" 200 1833
INFO 2023-08-15 20:39:31,684 basehttp "POST /admin_app/allapplications/ HTTP/1.1" 200 8303
INFO 2023-08-15 20:39:32,003 basehttp "GET /media/photo/default_hOWOWZu.jpg HTTP/1.1" 304 0
INFO 2023-08-15 20:39:32,009 basehttp "GET /media/photo/default_JJ8B5jC.jpg HTTP/1.1" 304 0
INFO 2023-08-15 20:42:00,360 basehttp "POST /admin_app/allapplications/ HTTP/1.1" 200 1833
INFO 2023-08-15 20:44:56,167 basehttp "POST /admin_app/allapplications/ HTTP/1.1" 200 1833
INFO 2023-08-15 20:44:56,801 basehttp "POST /admin_app/allapplications/ HTTP/1.1" 200 1833
INFO 2023-08-15 20:44:57,836 basehttp "POST /admin_app/allapplications/ HTTP/1.1" 200 1850
INFO 2023-08-15 20:44:59,120 basehttp "POST /admin_app/allapplications/ HTTP/1.1" 200 2772
INFO 2023-08-15 20:45:00,149 basehttp "POST /admin_app/allapplications/ HTTP/1.1" 200 1851
INFO 2023-08-15 20:45:01,317 basehttp "POST /admin_app/allapplications/ HTTP/1.1" 200 8303
INFO 2023-08-15 20:45:08,074 basehttp "POST /admin_app/allapplications/ HTTP/1.1" 200 8303
INFO 2023-08-15 20:45:09,215 basehttp "POST /admin_app/allapplications/ HTTP/1.1" 200 1833
INFO 2023-08-15 20:45:11,333 basehttp "POST /admin_app/allapplications/ HTTP/1.1" 200 1850
INFO 2023-08-15 20:45:12,840 basehttp "POST /admin_app/allapplications/ HTTP/1.1" 200 2772
INFO 2023-08-15 20:45:14,340 basehttp "POST /admin_app/allapplications/ HTTP/1.1" 200 1851
INFO 2023-08-15 20:45:18,468 basehttp "POST /admin_app/allapplications/ HTTP/1.1" 200 2772
INFO 2023-08-15 20:45:19,735 basehttp "POST /admin_app/allapplications/ HTTP/1.1" 200 1850
INFO 2023-08-15 20:45:20,818 basehttp "POST /admin_app/allapplications/ HTTP/1.1" 200 1833
INFO 2023-08-15 20:45:21,987 basehttp "POST /admin_app/allapplications/ HTTP/1.1" 200 8303
INFO 2023-08-15 20:45:23,149 basehttp "POST /admin_app/allapplications/ HTTP/1.1" 200 8303
INFO 2023-08-15 20:45:25,515 basehttp "POST /admin_app/allapplications/ HTTP/1.1" 200 8303
INFO 2023-08-15 20:49:54,266 basehttp "POST /admin_app/allapplications/ HTTP/1.1" 200 1833
INFO 2023-08-15 20:49:56,239 basehttp "POST /admin_app/allapplications/ HTTP/1.1" 200 1850
INFO 2023-08-15 20:50:25,211 basehttp "POST /admin_app/allapplications/ HTTP/1.1" 200 1833
INFO 2023-08-15 20:50:26,393 basehttp "POST /admin_app/allapplications/ HTTP/1.1" 200 1850
INFO 2023-08-15 20:50:27,655 basehttp "POST /admin_app/allapplications/ HTTP/1.1" 200 2772
INFO 2023-08-15 20:50:29,089 basehttp "POST /admin_app/allapplications/ HTTP/1.1" 200 1851
INFO 2023-08-15 20:50:30,313 basehttp "POST /admin_app/allapplications/ HTTP/1.1" 200 8303
INFO 2023-08-15 20:50:30,644 basehttp "GET /media/photo/default_JJ8B5jC.jpg HTTP/1.1" 304 0
INFO 2023-08-15 20:50:30,644 basehttp "GET /media/photo/default_zy5Pdoo.jpg HTTP/1.1" 304 0
INFO 2023-08-15 20:50:30,644 basehttp "GET /media/photo/default_hOWOWZu.jpg HTTP/1.1" 304 0
INFO 2023-08-15 20:50:30,644 basehttp "GET /media/photo/default_sUIBPoF.jpg HTTP/1.1" 304 0
INFO 2023-08-15 20:50:30,644 basehttp "GET /media/photo/default_tcCi8K0.jpg HTTP/1.1" 304 0
INFO 2023-08-15 20:50:30,645 basehttp "GET /media/photo/default_LqL4jmX.jpg HTTP/1.1" 304 0
INFO 2023-08-15 20:50:32,356 basehttp "POST /admin_app/allapplications/ HTTP/1.1" 200 8303
INFO 2023-08-15 21:15:06,351 basehttp "POST /admin_app/allapplications/ HTTP/1.1" 200 1833
INFO 2023-08-15 21:15:14,784 basehttp "POST /admin_app/allapplications/ HTTP/1.1" 200 8303
INFO 2023-08-15 21:15:26,673 basehttp "POST /admin_app/allapplications/ HTTP/1.1" 200 8303
INFO 2023-08-15 21:15:32,100 basehttp "POST /admin_app/allapplications/ HTTP/1.1" 200 1833
INFO 2023-08-15 21:15:38,007 basehttp "POST /admin_app/allapplications/ HTTP/1.1" 200 1850
INFO 2023-08-15 21:15:42,218 basehttp "POST /admin_app/allapplications/ HTTP/1.1" 200 2772
INFO 2023-08-15 21:15:44,501 basehttp "POST /admin_app/allapplications/ HTTP/1.1" 200 1851
INFO 2023-08-15 21:15:47,625 basehttp "POST /admin_app/allapplications/ HTTP/1.1" 200 2772
INFO 2023-08-15 21:15:48,675 basehttp "POST /admin_app/allapplications/ HTTP/1.1" 200 1850
INFO 2023-08-15 21:15:50,091 basehttp "POST /admin_app/allapplications/ HTTP/1.1" 200 1833
INFO 2023-08-15 21:15:51,264 basehttp "POST /admin_app/allapplications/ HTTP/1.1" 200 8303
INFO 2023-08-15 21:15:52,934 basehttp "POST /admin_app/allapplications/ HTTP/1.1" 200 1833
INFO 2023-08-15 21:16:26,924 basehttp "POST /admin_app/allapplications/ HTTP/1.1" 200 8303
INFO 2023-08-15 21:16:28,239 basehttp "POST /admin_app/allapplications/ HTTP/1.1" 200 1833
INFO 2023-08-15 21:16:29,396 basehttp "POST /admin_app/allapplications/ HTTP/1.1" 200 1850
INFO 2023-08-15 21:16:30,347 basehttp "POST /admin_app/allapplications/ HTTP/1.1" 200 2772
INFO 2023-08-15 21:16:30,677 basehttp "GET /media/photo/default_zy5Pdoo.jpg HTTP/1.1" 304 0
INFO 2023-08-15 21:16:30,677 basehttp "GET /media/photo/default_sUIBPoF.jpg HTTP/1.1" 304 0
INFO 2023-08-15 21:16:30,677 basehttp "GET /media/photo/default_hOWOWZu.jpg HTTP/1.1" 304 0
INFO 2023-08-15 21:16:31,584 basehttp "POST /admin_app/allapplications/ HTTP/1.1" 200 1851
INFO 2023-08-15 21:16:31,598 basehttp "GET /media/photo/default_Q1uSwrl.jpg HTTP/1.1" 304 0
INFO 2023-08-15 21:16:31,598 basehttp "GET /media/photo/default_HLuFhCI.jpg HTTP/1.1" 304 0
INFO 2023-08-15 21:19:40,445 basehttp "OPTIONS /admin_app/emicalci/ HTTP/1.1" 200 0
INFO 2023-08-15 21:19:40,449 basehttp "POST /admin_app/emicalci/ HTTP/1.1" 200 96
INFO 2023-08-15 21:21:09,904 basehttp "POST /admin_app/loginpage/ HTTP/1.1" 200 517
INFO 2023-08-15 21:21:14,609 basehttp "POST /admin_app/allapplications/ HTTP/1.1" 200 8303
INFO 2023-08-15 21:21:14,958 basehttp "GET /media/photo/default_JJ8B5jC.jpg HTTP/1.1" 304 0
INFO 2023-08-15 21:21:14,958 basehttp "GET /media/photo/default_LqL4jmX.jpg HTTP/1.1" 304 0
INFO 2023-08-15 21:21:14,958 basehttp "GET /media/photo/default_tcCi8K0.jpg HTTP/1.1" 304 0
INFO 2023-08-15 21:21:22,660 basehttp "POST /admin_app/allapplications/ HTTP/1.1" 200 1850
INFO 2023-08-15 21:21:24,106 basehttp "POST /admin_app/allapplications/ HTTP/1.1" 200 2772
INFO 2023-08-15 21:21:25,683 basehttp "POST /admin_app/allapplications/ HTTP/1.1" 200 1851
INFO 2023-08-15 21:21:26,986 basehttp "POST /admin_app/allapplications/ HTTP/1.1" 200 2772
INFO 2023-08-15 21:21:27,945 basehttp "POST /admin_app/allapplications/ HTTP/1.1" 200 1850
INFO 2023-08-15 21:21:28,994 basehttp "POST /admin_app/allapplications/ HTTP/1.1" 200 1833
INFO 2023-08-15 21:22:30,033 basehttp "POST /admin_app/loginpage/ HTTP/1.1" 200 514
INFO 2023-08-15 21:22:40,174 basehttp "GET /admin_app/f_user_ids/ HTTP/1.1" 200 28
INFO 2023-08-15 21:22:40,194 basehttp "GET /admin_app/f_user_ids/ HTTP/1.1" 200 28
INFO 2023-08-15 21:22:42,267 basehttp "GET /admin_app/b_user_ids/ HTTP/1.1" 200 28
INFO 2023-08-15 21:22:42,277 basehttp "GET /admin_app/b_user_ids/ HTTP/1.1" 200 28
INFO 2023-08-15 21:22:47,104 basehttp "GET /admin_app/f_user_ids/ HTTP/1.1" 200 28
INFO 2023-08-15 21:22:47,156 basehttp "GET /admin_app/f_user_ids/ HTTP/1.1" 200 28
INFO 2023-08-15 21:23:14,309 basehttp "POST /admin_app/loginpage/ HTTP/1.1" 200 514
INFO 2023-08-15 21:23:56,065 basehttp "POST /admin_app/loginpage/ HTTP/1.1" 200 517
INFO 2023-08-15 21:24:00,593 basehttp "POST /admin_app/allapplications/ HTTP/1.1" 200 8303
INFO 2023-08-15 21:24:00,628 basehttp "GET /media/photo/default_hOWOWZu.jpg HTTP/1.1" 304 0
INFO 2023-08-15 21:24:01,790 basehttp "POST /admin_app/allapplications/ HTTP/1.1" 200 1833
INFO 2023-08-15 21:24:02,827 basehttp "POST /admin_app/allapplications/ HTTP/1.1" 200 1850
INFO 2023-08-15 21:24:04,347 basehttp "POST /admin_app/allapplications/ HTTP/1.1" 200 2772
INFO 2023-08-15 21:24:06,319 basehttp "POST /admin_app/allapplications/ HTTP/1.1" 200 1851
INFO 2023-08-15 21:25:01,861 basehttp "POST /admin_app/allapplications/ HTTP/1.1" 200 1833
INFO 2023-08-15 21:25:05,384 basehttp "POST /admin_app/allapplications/ HTTP/1.1" 200 1850
INFO 2023-08-15 21:25:06,962 basehttp "POST /admin_app/allapplications/ HTTP/1.1" 200 2772
INFO 2023-08-15 21:25:09,055 basehttp "POST /admin_app/allapplications/ HTTP/1.1" 200 1851
INFO 2023-08-15 21:25:09,382 basehttp "GET /media/photo/default_HLuFhCI.jpg HTTP/1.1" 304 0
INFO 2023-08-15 21:25:09,382 basehttp "GET /media/photo/default_Q1uSwrl.jpg HTTP/1.1" 304 0
INFO 2023-08-15 21:25:10,117 basehttp "POST /admin_app/allapplications/ HTTP/1.1" 200 2772
INFO 2023-08-15 21:25:11,416 basehttp "POST /admin_app/allapplications/ HTTP/1.1" 200 1850
INFO 2023-08-15 21:25:12,399 basehttp "POST /admin_app/allapplications/ HTTP/1.1" 200 1833
INFO 2023-08-15 21:25:13,493 basehttp "POST /admin_app/allapplications/ HTTP/1.1" 200 8303
INFO 2023-08-15 21:25:17,779 basehttp "POST /admin_app/allapplications/ HTTP/1.1" 200 1833
INFO 2023-08-15 21:25:18,956 basehttp "POST /admin_app/allapplications/ HTTP/1.1" 200 1850
INFO 2023-08-15 21:25:20,014 basehttp "POST /admin_app/allapplications/ HTTP/1.1" 200 2772
INFO 2023-08-15 21:25:21,212 basehttp "POST /admin_app/allapplications/ HTTP/1.1" 200 1851
INFO 2023-08-15 21:25:22,408 basehttp "POST /admin_app/allapplications/ HTTP/1.1" 200 2772
INFO 2023-08-15 21:25:24,372 basehttp "POST /admin_app/allapplications/ HTTP/1.1" 200 1850
INFO 2023-08-15 21:25:25,553 basehttp "POST /admin_app/allapplications/ HTTP/1.1" 200 1833
INFO 2023-08-15 21:25:26,958 basehttp "POST /admin_app/allapplications/ HTTP/1.1" 200 8303
INFO 2023-08-15 21:25:28,230 basehttp "POST /admin_app/allapplications/ HTTP/1.1" 200 8303
INFO 2023-08-15 21:25:29,298 basehttp "POST /admin_app/allapplications/ HTTP/1.1" 200 8303
INFO 2023-08-15 21:25:30,398 basehttp "POST /admin_app/allapplications/ HTTP/1.1" 200 1833
INFO 2023-08-15 21:25:31,685 basehttp "POST /admin_app/allapplications/ HTTP/1.1" 200 1850
INFO 2023-08-15 21:25:32,800 basehttp "POST /admin_app/allapplications/ HTTP/1.1" 200 2772
INFO 2023-08-15 21:25:33,825 basehttp "POST /admin_app/allapplications/ HTTP/1.1" 200 1851
INFO 2023-08-15 21:25:35,111 basehttp "POST /admin_app/allapplications/ HTTP/1.1" 200 2772
INFO 2023-08-15 21:25:36,049 basehttp "POST /admin_app/allapplications/ HTTP/1.1" 200 1850
INFO 2023-08-15 21:26:22,967 basehttp "POST /admin_app/allapplications/ HTTP/1.1" 200 8303
INFO 2023-08-15 21:26:24,522 basehttp "POST /admin_app/allapplications/ HTTP/1.1" 200 1833
INFO 2023-08-15 21:26:25,601 basehttp "POST /admin_app/allapplications/ HTTP/1.1" 200 1850
INFO 2023-08-15 21:26:26,539 basehttp "POST /admin_app/allapplications/ HTTP/1.1" 200 2772
INFO 2023-08-15 21:26:27,642 basehttp "POST /admin_app/allapplications/ HTTP/1.1" 200 1851
INFO 2023-08-15 21:26:29,865 basehttp "POST /admin_app/allapplications/ HTTP/1.1" 200 8303
INFO 2023-08-15 21:26:31,303 basehttp "POST /admin_app/allapplications/ HTTP/1.1" 200 8303
INFO 2023-08-15 21:26:32,333 basehttp "POST /admin_app/allapplications/ HTTP/1.1" 200 1833
INFO 2023-08-15 21:26:33,285 basehttp "POST /admin_app/allapplications/ HTTP/1.1" 200 1850
INFO 2023-08-15 21:26:34,290 basehttp "POST /admin_app/allapplications/ HTTP/1.1" 200 2772
INFO 2023-08-15 21:26:35,684 basehttp "POST /admin_app/allapplications/ HTTP/1.1" 200 1851
INFO 2023-08-15 21:26:37,209 basehttp "POST /admin_app/allapplications/ HTTP/1.1" 200 2772
INFO 2023-08-15 21:26:38,332 basehttp "POST /admin_app/allapplications/ HTTP/1.1" 200 1850
INFO 2023-08-15 21:26:40,384 basehttp "POST /admin_app/allapplications/ HTTP/1.1" 200 1833
INFO 2023-08-15 21:26:56,126 basehttp "POST /admin_app/allapplications/ HTTP/1.1" 200 8303
INFO 2023-08-15 21:28:18,359 basehttp "POST /admin_app/allapplications/ HTTP/1.1" 200 8303
INFO 2023-08-15 21:28:19,380 basehttp "POST /admin_app/allapplications/ HTTP/1.1" 200 1833
INFO 2023-08-15 21:28:20,675 basehttp "POST /admin_app/allapplications/ HTTP/1.1" 200 1850
INFO 2023-08-15 21:28:21,555 basehttp "POST /admin_app/allapplications/ HTTP/1.1" 200 2772
INFO 2023-08-15 21:28:21,878 basehttp "GET /media/photo/default_zy5Pdoo.jpg HTTP/1.1" 304 0
INFO 2023-08-15 21:28:21,879 basehttp "GET /media/photo/default_sUIBPoF.jpg HTTP/1.1" 304 0
INFO 2023-08-15 21:28:22,455 basehttp "POST /admin_app/allapplications/ HTTP/1.1" 200 1851
INFO 2023-08-15 21:30:15,632 basehttp "POST /admin_app/allapplications/ HTTP/1.1" 200 8303
INFO 2023-08-15 21:30:15,986 basehttp "GET /media/photo/default_tcCi8K0.jpg HTTP/1.1" 304 0
INFO 2023-08-15 21:30:15,987 basehttp "GET /media/photo/default_JJ8B5jC.jpg HTTP/1.1" 304 0
INFO 2023-08-15 21:30:15,987 basehttp "GET /media/photo/default_LqL4jmX.jpg HTTP/1.1" 304 0
INFO 2023-08-15 21:30:16,837 basehttp "POST /admin_app/allapplications/ HTTP/1.1" 200 1833
INFO 2023-08-15 21:30:18,665 basehttp "POST /admin_app/allapplications/ HTTP/1.1" 200 1850
INFO 2023-08-15 21:30:19,846 basehttp "POST /admin_app/allapplications/ HTTP/1.1" 200 2772
INFO 2023-08-15 21:30:21,154 basehttp "POST /admin_app/allapplications/ HTTP/1.1" 200 1851
INFO 2023-08-15 21:30:23,136 basehttp "POST /admin_app/allapplications/ HTTP/1.1" 200 8303
INFO 2023-08-15 21:31:29,433 basehttp "POST /admin_app/allapplications/ HTTP/1.1" 200 8303
INFO 2023-08-15 21:31:30,256 basehttp "POST /admin_app/allapplications/ HTTP/1.1" 200 8303
INFO 2023-08-15 21:31:31,721 basehttp "POST /admin_app/allapplications/ HTTP/1.1" 200 1833
INFO 2023-08-15 21:31:33,053 basehttp "POST /admin_app/allapplications/ HTTP/1.1" 200 1850
INFO 2023-08-15 21:31:34,349 basehttp "POST /admin_app/allapplications/ HTTP/1.1" 200 2772
INFO 2023-08-15 21:31:35,466 basehttp "POST /admin_app/allapplications/ HTTP/1.1" 200 1851
INFO 2023-08-15 21:31:36,755 basehttp "POST /admin_app/allapplications/ HTTP/1.1" 200 8303
INFO 2023-08-15 21:31:57,572 basehttp "POST /admin_app/allapplications/ HTTP/1.1" 200 8303
INFO 2023-08-15 21:32:14,606 basehttp "GET /admin/admin_app/user/ HTTP/1.1" 200 23929
INFO 2023-08-15 21:32:14,627 basehttp "GET /admin/jsi18n/ HTTP/1.1" 200 3343
INFO 2023-08-15 21:32:16,760 basehttp "GET /admin/admin_app/family/ HTTP/1.1" 200 13224
INFO 2023-08-15 21:32:16,781 basehttp "GET /admin/jsi18n/ HTTP/1.1" 200 3343
INFO 2023-08-15 21:32:18,830 basehttp "GET /admin/admin_app/bank/ HTTP/1.1" 200 13234
INFO 2023-08-15 21:32:18,850 basehttp "GET /admin/jsi18n/ HTTP/1.1" 200 3343
INFO 2023-08-15 21:32:20,374 basehttp "GET /admin/admin_app/user/ HTTP/1.1" 200 23929
INFO 2023-08-15 21:32:20,395 basehttp "GET /admin/jsi18n/ HTTP/1.1" 200 3343
INFO 2023-08-15 21:32:21,656 basehttp "GET /admin/application_generation/application/ HTTP/1.1" 200 16138
INFO 2023-08-15 21:32:21,676 basehttp "GET /admin/jsi18n/ HTTP/1.1" 200 3343
INFO 2023-08-15 21:32:23,267 basehttp "GET /admin/application_generation/document/ HTTP/1.1" 200 11764
INFO 2023-08-15 21:32:23,288 basehttp "GET /admin/jsi18n/ HTTP/1.1" 200 3343
INFO 2023-08-15 21:32:24,655 basehttp "GET /admin/application_generation/guarantor/ HTTP/1.1" 200 11771
INFO 2023-08-15 21:32:24,677 basehttp "GET /admin/jsi18n/ HTTP/1.1" 200 3343
INFO 2023-08-15 21:32:26,230 basehttp "GET /admin/customer/enquiry/ HTTP/1.1" 200 14468
INFO 2023-08-15 21:32:26,249 basehttp "GET /admin/jsi18n/ HTTP/1.1" 200 3343
INFO 2023-08-15 21:32:38,190 basehttp "GET /admin/disburstment/defaulter/ HTTP/1.1" 200 11731
INFO 2023-08-15 21:32:38,213 basehttp "GET /admin/jsi18n/ HTTP/1.1" 200 3343
INFO 2023-08-15 21:32:41,528 basehttp "GET /admin/disburstment/disbursement/ HTTP/1.1" 200 11752
INFO 2023-08-15 21:32:41,547 basehttp "GET /admin/jsi18n/ HTTP/1.1" 200 3343
INFO 2023-08-15 21:32:43,110 basehttp "GET /admin/disburstment/installment/ HTTP/1.1" 200 11745
INFO 2023-08-15 21:32:43,130 basehttp "GET /admin/jsi18n/ HTTP/1.1" 200 3343
INFO 2023-08-15 21:32:45,124 basehttp "GET /admin/loan_sanctioning/loan/ HTTP/1.1" 200 11712
INFO 2023-08-15 21:32:45,148 basehttp "GET /admin/jsi18n/ HTTP/1.1" 200 3343
INFO 2023-08-15 21:32:46,460 basehttp "GET /admin/loan_sanctioning/vendor/ HTTP/1.1" 200 11726
INFO 2023-08-15 21:32:46,479 basehttp "GET /admin/jsi18n/ HTTP/1.1" 200 3343
INFO 2023-08-15 21:32:48,479 basehttp "GET /admin/loan_sanctioning/vendor/ HTTP/1.1" 200 11726
INFO 2023-08-15 21:32:48,499 basehttp "GET /admin/jsi18n/ HTTP/1.1" 200 3343
INFO 2023-08-15 21:32:49,596 basehttp "GET /admin/loan_sanctioning/loan/ HTTP/1.1" 200 11712
INFO 2023-08-15 21:32:49,619 basehttp "GET /admin/jsi18n/ HTTP/1.1" 200 3343
INFO 2023-08-15 21:32:50,884 basehttp "GET /admin/disburstment/installment/ HTTP/1.1" 200 11745
INFO 2023-08-15 21:32:50,905 basehttp "GET /admin/jsi18n/ HTTP/1.1" 200 3343
INFO 2023-08-15 21:32:52,079 basehttp "GET /admin/disburstment/disbursement/ HTTP/1.1" 200 11752
INFO 2023-08-15 21:32:52,101 basehttp "GET /admin/jsi18n/ HTTP/1.1" 200 3343
INFO 2023-08-15 21:32:53,380 basehttp "GET /admin/disburstment/defaulter/ HTTP/1.1" 200 11731
INFO 2023-08-15 21:32:53,405 basehttp "GET /admin/jsi18n/ HTTP/1.1" 200 3343
INFO 2023-08-15 21:32:58,640 basehttp "GET /admin/customer/enquiry/ HTTP/1.1" 200 14468
INFO 2023-08-15 21:32:58,662 basehttp "GET /admin/jsi18n/ HTTP/1.1" 200 3343
INFO 2023-08-15 21:33:00,094 basehttp "GET /admin/auth/group/ HTTP/1.1" 200 12010
INFO 2023-08-15 21:33:00,117 basehttp "GET /static/admin/img/search.svg HTTP/1.1" 200 458
INFO 2023-08-15 21:33:00,125 basehttp "GET /admin/jsi18n/ HTTP/1.1" 200 3343
INFO 2023-08-15 21:33:02,010 basehttp "GET /admin/application_generation/guarantor/ HTTP/1.1" 200 11771
INFO 2023-08-15 21:33:02,032 basehttp "GET /admin/jsi18n/ HTTP/1.1" 200 3343
INFO 2023-08-15 21:33:03,053 basehttp "GET /admin/application_generation/document/ HTTP/1.1" 200 11764
INFO 2023-08-15 21:33:03,076 basehttp "GET /admin/jsi18n/ HTTP/1.1" 200 3343
INFO 2023-08-15 21:33:04,254 basehttp "GET /admin/application_generation/application/ HTTP/1.1" 200 16138
INFO 2023-08-15 21:33:04,273 basehttp "GET /admin/jsi18n/ HTTP/1.1" 200 3343
INFO 2023-08-15 21:42:40,143 basehttp "POST /admin_app/allapplications/ HTTP/1.1" 200 8303
INFO 2023-08-15 21:42:41,667 basehttp "POST /admin_app/allapplications/ HTTP/1.1" 200 1833
INFO 2023-08-15 21:43:00,325 basehttp "POST /admin_app/allapplications/ HTTP/1.1" 200 1850
INFO 2023-08-15 21:43:03,430 basehttp "POST /admin_app/allapplications/ HTTP/1.1" 200 2772
INFO 2023-08-15 21:43:06,702 basehttp "POST /admin_app/allapplications/ HTTP/1.1" 200 1851
INFO 2023-08-15 21:43:27,380 basehttp "POST /admin_app/allapplications/ HTTP/1.1" 200 8303
INFO 2023-08-15 21:43:28,937 basehttp "POST /admin_app/allapplications/ HTTP/1.1" 200 8303
INFO 2023-08-15 21:43:30,503 basehttp "POST /admin_app/allapplications/ HTTP/1.1" 200 8303
INFO 2023-08-15 21:43:32,251 basehttp "POST /admin_app/allapplications/ HTTP/1.1" 200 8303
INFO 2023-08-15 21:43:33,675 basehttp "POST /admin_app/allapplications/ HTTP/1.1" 200 1833
INFO 2023-08-15 21:43:35,680 basehttp "POST /admin_app/allapplications/ HTTP/1.1" 200 8303
INFO 2023-08-15 21:44:08,629 basehttp "POST /admin_app/allapplications/ HTTP/1.1" 200 1833
INFO 2023-08-15 21:44:08,951 basehttp "GET /media/photo/default_tcCi8K0.jpg HTTP/1.1" 304 0
INFO 2023-08-15 21:44:08,951 basehttp "GET /media/photo/default_LqL4jmX.jpg HTTP/1.1" 304 0
